{
  "RSpec": {
    "coverage": {
      "/home/fortuitous-object-3140/tic-tac-toe-rb-online-web-sp-000/lib/tic_tac_toe.rb": [
        1,
        26,
        26,
        26,
        26,
        26,
        null,
        null,
        1,
        8719,
        null,
        null,
        1,
        24,
        null,
        null,
        1,
        8719,
        null,
        null,
        1,
        8803,
        null,
        null,
        1,
        8717,
        8716,
        8716,
        15,
        null,
        8701,
        null,
        8716,
        8716,
        21,
        21,
        null,
        8695,
        null,
        null,
        null,
        null,
        null,
        1,
        null,
        null,
        8718,
        8718,
        78462,
        26116,
        null,
        null,
        8718,
        null,
        null,
        null,
        1,
        1,
        null,
        null,
        null,
        1,
        null,
        null,
        null,
        null,
        null,
        null,
        null,
        null,
        null,
        1,
        43,
        277,
        null,
        null,
        null,
        null,
        null,
        1,
        168,
        null,
        null,
        1,
        11,
        null,
        null,
        1,
        23,
        null,
        null,
        1,
        7,
        6,
        null,
        null,
        null,
        1,
        null,
        12,
        20,
        20,
        null,
        null,
        11,
        5,
        null,
        null,
        6,
        2,
        null,
        null,
        null
      ]
    },
    "timestamp": 1581628458
  }
}
